<?xml version='1.0' encoding='UTF-8'?>
<testsuite hostname="Rayback-MacBook" name="Trivial" tests="1" errors="0" failures="0" skipped="0" time="0.017" timestamp="2020-10-22T17:01:13">
                     <properties>
[...]
</properties>
                     <testcase classname="Trivial" name="Running a trivial test should succeed" time="0.017">
                                                 
                                               </testcase>
                     <system-out><![CDATA[]]></system-out>
                     <system-err><![CDATA[]]></system-err>
                   </testsuite>